2025-09-17 08:03:27,445 - INFO - Iniciando atualização de todas as modelagens na ordem definida para todos os clientes
2025-09-17 08:03:27,445 - INFO - Executando analytics.vendas.analise_faturamento...
2025-09-17 08:03:27,446 - ERROR - Erro ao executar vendas.faturamento: No module named 'analytics'
2025-09-17 08:03:27,448 - ERROR - Traceback (most recent call last):
  File "/Users/leandrosilva/Documents/DAGS/maloka-dags/dags/modelagens/analytics/main.py", line 154, in executar_modelagem
    modulo = importlib.import_module(modulo_path)
             ^^^^^^^^^^^^^^^^^^^^^^^^^^^^^^^^^^^^
  File "/Library/Frameworks/Python.framework/Versions/3.12/lib/python3.12/importlib/__init__.py", line 90, in import_module
    return _bootstrap._gcd_import(name[level:], package, level)
           ^^^^^^^^^^^^^^^^^^^^^^^^^^^^^^^^^^^^^^^^^^^^^^^^^^^^
  File "<frozen importlib._bootstrap>", line 1381, in _gcd_import
  File "<frozen importlib._bootstrap>", line 1354, in _find_and_load
  File "<frozen importlib._bootstrap>", line 1304, in _find_and_load_unlocked
  File "<frozen importlib._bootstrap>", line 488, in _call_with_frames_removed
  File "<frozen importlib._bootstrap>", line 1381, in _gcd_import
  File "<frozen importlib._bootstrap>", line 1354, in _find_and_load
  File "<frozen importlib._bootstrap>", line 1304, in _find_and_load_unlocked
  File "<frozen importlib._bootstrap>", line 488, in _call_with_frames_removed
  File "<frozen importlib._bootstrap>", line 1381, in _gcd_import
  File "<frozen importlib._bootstrap>", line 1354, in _find_and_load
  File "<frozen importlib._bootstrap>", line 1318, in _find_and_load_unlocked
ModuleNotFoundError: No module named 'analytics'

2025-09-17 08:03:27,449 - INFO - Executando analytics.estoque.analise_estoque...
2025-09-17 08:03:27,449 - ERROR - Erro ao executar estoque.analise: No module named 'analytics'
2025-09-17 08:03:27,449 - ERROR - Traceback (most recent call last):
  File "/Users/leandrosilva/Documents/DAGS/maloka-dags/dags/modelagens/analytics/main.py", line 154, in executar_modelagem
    modulo = importlib.import_module(modulo_path)
             ^^^^^^^^^^^^^^^^^^^^^^^^^^^^^^^^^^^^
  File "/Library/Frameworks/Python.framework/Versions/3.12/lib/python3.12/importlib/__init__.py", line 90, in import_module
    return _bootstrap._gcd_import(name[level:], package, level)
           ^^^^^^^^^^^^^^^^^^^^^^^^^^^^^^^^^^^^^^^^^^^^^^^^^^^^
  File "<frozen importlib._bootstrap>", line 1381, in _gcd_import
  File "<frozen importlib._bootstrap>", line 1354, in _find_and_load
  File "<frozen importlib._bootstrap>", line 1304, in _find_and_load_unlocked
  File "<frozen importlib._bootstrap>", line 488, in _call_with_frames_removed
  File "<frozen importlib._bootstrap>", line 1381, in _gcd_import
  File "<frozen importlib._bootstrap>", line 1354, in _find_and_load
  File "<frozen importlib._bootstrap>", line 1304, in _find_and_load_unlocked
  File "<frozen importlib._bootstrap>", line 488, in _call_with_frames_removed
  File "<frozen importlib._bootstrap>", line 1381, in _gcd_import
  File "<frozen importlib._bootstrap>", line 1354, in _find_and_load
  File "<frozen importlib._bootstrap>", line 1318, in _find_and_load_unlocked
ModuleNotFoundError: No module named 'analytics'

2025-09-17 08:03:27,449 - WARNING - Não foi possível executar cliente.segmentacao: Segmentação só pode ser executada no primeiro dia do mês. Hoje é dia 17.
2025-09-17 08:03:27,449 - INFO - Executando analytics.cliente.recorrencia_retencao...
2025-09-17 08:03:27,450 - ERROR - Erro ao executar cliente.retencao: No module named 'analytics'
2025-09-17 08:03:27,450 - ERROR - Traceback (most recent call last):
  File "/Users/leandrosilva/Documents/DAGS/maloka-dags/dags/modelagens/analytics/main.py", line 154, in executar_modelagem
    modulo = importlib.import_module(modulo_path)
             ^^^^^^^^^^^^^^^^^^^^^^^^^^^^^^^^^^^^
  File "/Library/Frameworks/Python.framework/Versions/3.12/lib/python3.12/importlib/__init__.py", line 90, in import_module
    return _bootstrap._gcd_import(name[level:], package, level)
           ^^^^^^^^^^^^^^^^^^^^^^^^^^^^^^^^^^^^^^^^^^^^^^^^^^^^
  File "<frozen importlib._bootstrap>", line 1381, in _gcd_import
  File "<frozen importlib._bootstrap>", line 1354, in _find_and_load
  File "<frozen importlib._bootstrap>", line 1304, in _find_and_load_unlocked
  File "<frozen importlib._bootstrap>", line 488, in _call_with_frames_removed
  File "<frozen importlib._bootstrap>", line 1381, in _gcd_import
  File "<frozen importlib._bootstrap>", line 1354, in _find_and_load
  File "<frozen importlib._bootstrap>", line 1304, in _find_and_load_unlocked
  File "<frozen importlib._bootstrap>", line 488, in _call_with_frames_removed
  File "<frozen importlib._bootstrap>", line 1381, in _gcd_import
  File "<frozen importlib._bootstrap>", line 1354, in _find_and_load
  File "<frozen importlib._bootstrap>", line 1318, in _find_and_load_unlocked
ModuleNotFoundError: No module named 'analytics'

2025-09-17 08:03:27,450 - INFO - Executando analytics.cliente.previsao_retorno...
2025-09-17 08:03:27,450 - ERROR - Erro ao executar cliente.previsao: No module named 'analytics'
2025-09-17 08:03:27,450 - ERROR - Traceback (most recent call last):
  File "/Users/leandrosilva/Documents/DAGS/maloka-dags/dags/modelagens/analytics/main.py", line 154, in executar_modelagem
    modulo = importlib.import_module(modulo_path)
             ^^^^^^^^^^^^^^^^^^^^^^^^^^^^^^^^^^^^
  File "/Library/Frameworks/Python.framework/Versions/3.12/lib/python3.12/importlib/__init__.py", line 90, in import_module
    return _bootstrap._gcd_import(name[level:], package, level)
           ^^^^^^^^^^^^^^^^^^^^^^^^^^^^^^^^^^^^^^^^^^^^^^^^^^^^
  File "<frozen importlib._bootstrap>", line 1381, in _gcd_import
  File "<frozen importlib._bootstrap>", line 1354, in _find_and_load
  File "<frozen importlib._bootstrap>", line 1304, in _find_and_load_unlocked
  File "<frozen importlib._bootstrap>", line 488, in _call_with_frames_removed
  File "<frozen importlib._bootstrap>", line 1381, in _gcd_import
  File "<frozen importlib._bootstrap>", line 1354, in _find_and_load
  File "<frozen importlib._bootstrap>", line 1304, in _find_and_load_unlocked
  File "<frozen importlib._bootstrap>", line 488, in _call_with_frames_removed
  File "<frozen importlib._bootstrap>", line 1381, in _gcd_import
  File "<frozen importlib._bootstrap>", line 1354, in _find_and_load
  File "<frozen importlib._bootstrap>", line 1318, in _find_and_load_unlocked
ModuleNotFoundError: No module named 'analytics'

2025-09-17 08:03:27,451 - INFO - Executando analytics.compra.analise_compra...
2025-09-17 08:03:27,451 - ERROR - Erro ao executar compra.analise: No module named 'analytics'
2025-09-17 08:03:27,452 - ERROR - Traceback (most recent call last):
  File "/Users/leandrosilva/Documents/DAGS/maloka-dags/dags/modelagens/analytics/main.py", line 154, in executar_modelagem
    modulo = importlib.import_module(modulo_path)
             ^^^^^^^^^^^^^^^^^^^^^^^^^^^^^^^^^^^^
  File "/Library/Frameworks/Python.framework/Versions/3.12/lib/python3.12/importlib/__init__.py", line 90, in import_module
    return _bootstrap._gcd_import(name[level:], package, level)
           ^^^^^^^^^^^^^^^^^^^^^^^^^^^^^^^^^^^^^^^^^^^^^^^^^^^^
  File "<frozen importlib._bootstrap>", line 1381, in _gcd_import
  File "<frozen importlib._bootstrap>", line 1354, in _find_and_load
  File "<frozen importlib._bootstrap>", line 1304, in _find_and_load_unlocked
  File "<frozen importlib._bootstrap>", line 488, in _call_with_frames_removed
  File "<frozen importlib._bootstrap>", line 1381, in _gcd_import
  File "<frozen importlib._bootstrap>", line 1354, in _find_and_load
  File "<frozen importlib._bootstrap>", line 1304, in _find_and_load_unlocked
  File "<frozen importlib._bootstrap>", line 488, in _call_with_frames_removed
  File "<frozen importlib._bootstrap>", line 1381, in _gcd_import
  File "<frozen importlib._bootstrap>", line 1354, in _find_and_load
  File "<frozen importlib._bootstrap>", line 1318, in _find_and_load_unlocked
ModuleNotFoundError: No module named 'analytics'

2025-09-17 08:03:27,453 - WARNING - Pulando vendas.atipicas porque a dependência compra.analise falhou
2025-09-17 08:03:27,454 - INFO - Executando analytics.vendas.analise_vendas_atipicas...
2025-09-17 08:03:27,454 - ERROR - Erro ao executar vendas.atipicas: No module named 'analytics'
2025-09-17 08:03:27,454 - ERROR - Traceback (most recent call last):
  File "/Users/leandrosilva/Documents/DAGS/maloka-dags/dags/modelagens/analytics/main.py", line 154, in executar_modelagem
    modulo = importlib.import_module(modulo_path)
             ^^^^^^^^^^^^^^^^^^^^^^^^^^^^^^^^^^^^
  File "/Library/Frameworks/Python.framework/Versions/3.12/lib/python3.12/importlib/__init__.py", line 90, in import_module
    return _bootstrap._gcd_import(name[level:], package, level)
           ^^^^^^^^^^^^^^^^^^^^^^^^^^^^^^^^^^^^^^^^^^^^^^^^^^^^
  File "<frozen importlib._bootstrap>", line 1381, in _gcd_import
  File "<frozen importlib._bootstrap>", line 1354, in _find_and_load
  File "<frozen importlib._bootstrap>", line 1304, in _find_and_load_unlocked
  File "<frozen importlib._bootstrap>", line 488, in _call_with_frames_removed
  File "<frozen importlib._bootstrap>", line 1381, in _gcd_import
  File "<frozen importlib._bootstrap>", line 1354, in _find_and_load
  File "<frozen importlib._bootstrap>", line 1304, in _find_and_load_unlocked
  File "<frozen importlib._bootstrap>", line 488, in _call_with_frames_removed
  File "<frozen importlib._bootstrap>", line 1381, in _gcd_import
  File "<frozen importlib._bootstrap>", line 1354, in _find_and_load
  File "<frozen importlib._bootstrap>", line 1318, in _find_and_load_unlocked
ModuleNotFoundError: No module named 'analytics'

2025-09-17 08:03:27,454 - INFO - 
==================================================
2025-09-17 08:03:27,455 - INFO - RESUMO DA EXECUÇÃO
2025-09-17 08:03:27,455 - INFO - ==================================================
2025-09-17 08:03:27,455 - INFO - 
[CLIENTE]
2025-09-17 08:03:27,455 - INFO -   - segmentacao: ❌ FALHA
2025-09-17 08:03:27,455 - INFO -   - retencao: ❌ FALHA
2025-09-17 08:03:27,455 - INFO -   - previsao: ❌ FALHA
2025-09-17 08:03:27,455 - INFO - 
[COMPRA]
2025-09-17 08:03:27,456 - INFO -   - analise: ❌ FALHA
2025-09-17 08:03:27,456 - INFO - 
[ESTOQUE]
2025-09-17 08:03:27,456 - INFO -   - analise: ❌ FALHA
2025-09-17 08:03:27,456 - INFO - 
[VENDAS]
2025-09-17 08:03:27,456 - INFO -   - faturamento: ❌ FALHA
2025-09-17 08:03:27,456 - INFO -   - atipicas: ❌ FALHA
2025-09-17 08:03:27,456 - INFO - 
==================================================
2025-09-17 08:03:27,456 - INFO - TOTAL: 7 modelagens
2025-09-17 08:03:27,456 - INFO - SUCESSOS: 0
2025-09-17 08:03:27,456 - INFO - FALHAS: 7
2025-09-17 08:03:27,456 - INFO - ==================================================
