2025-09-18 08:32:34,815 - INFO - Iniciando atualização de todas as modelagens na ordem definida para todos os clientes
2025-09-18 08:32:34,815 - INFO - Executando dags.modelagens.analytics.vendas.analise_faturamento...
2025-09-18 08:32:37,788 - INFO - Executando gerar_relatorios_faturamento para o cliente add
2025-09-18 08:33:20,288 - INFO - Executando gerar_relatorios_faturamento para o cliente bibicell
2025-09-18 08:35:27,439 - INFO - Executando gerar_relatorios_faturamento para o cliente beny
2025-09-18 08:36:34,187 - INFO - Execução de dags.modelagens.analytics.vendas.analise_faturamento concluída com sucesso!
2025-09-18 08:36:34,189 - INFO - Executando dags.modelagens.analytics.estoque.analise_estoque...
2025-09-18 08:36:34,201 - INFO - Executando gerar_relatorios_estoque para o cliente add
2025-09-18 08:39:35,675 - INFO - Executando gerar_relatorios_estoque para o cliente bibicell
2025-09-18 08:45:30,063 - INFO - Executando gerar_relatorios_estoque para o cliente beny
2025-09-18 08:57:50,653 - INFO - Execução de dags.modelagens.analytics.estoque.analise_estoque concluída com sucesso!
2025-09-18 08:57:50,654 - WARNING - Não foi possível executar cliente.segmentacao: Segmentação só pode ser executada no primeiro dia do mês. Hoje é dia 18.
2025-09-18 08:57:50,654 - INFO - Executando dags.modelagens.analytics.cliente.recorrencia_retencao...
2025-09-18 08:57:50,661 - INFO - Executando gerar_analise_recorrencia_retencao para o cliente add
2025-09-18 08:58:25,790 - INFO - Executando gerar_analise_recorrencia_retencao para o cliente bibicell
2025-09-18 08:59:10,135 - INFO - Executando gerar_analise_recorrencia_retencao para o cliente beny
2025-09-18 08:59:49,574 - INFO - Execução de dags.modelagens.analytics.cliente.recorrencia_retencao concluída com sucesso!
2025-09-18 08:59:49,575 - INFO - Executando dags.modelagens.analytics.cliente.previsao_retorno...
2025-09-18 08:59:49,585 - INFO - Executando gerar_analise_previsao_retorno para o cliente add
2025-09-18 09:01:24,244 - INFO - Executando gerar_analise_previsao_retorno para o cliente bibicell
2025-09-18 09:01:54,689 - INFO - Executando gerar_analise_previsao_retorno para o cliente beny
2025-09-18 09:08:33,972 - INFO - Execução de dags.modelagens.analytics.cliente.previsao_retorno concluída com sucesso!
2025-09-18 09:08:33,973 - INFO - Executando dags.modelagens.analytics.compra.analise_compra...
2025-09-18 09:08:33,982 - INFO - Executando gerar_relatorios_compra para o cliente add
2025-09-18 09:11:32,217 - INFO - Executando gerar_relatorios_compra para o cliente bibicell
2025-09-18 09:14:33,951 - INFO - Executando gerar_relatorios_compra para o cliente beny
2025-09-18 09:21:04,346 - INFO - Execução de dags.modelagens.analytics.compra.analise_compra concluída com sucesso!
2025-09-18 09:21:04,348 - INFO - Executando dags.modelagens.analytics.vendas.analise_vendas_atipicas...
2025-09-18 09:21:07,571 - INFO - Executando gerar_analise_vendas_atipicas para o cliente add
2025-09-18 09:21:23,394 - INFO - Executando gerar_analise_vendas_atipicas para o cliente bibicell
2025-09-18 09:21:34,294 - INFO - Executando gerar_analise_vendas_atipicas para o cliente beny
2025-09-18 09:22:03,890 - INFO - Execução de dags.modelagens.analytics.vendas.analise_vendas_atipicas concluída com sucesso!
2025-09-18 09:22:03,890 - INFO - 
==================================================
2025-09-18 09:22:03,890 - INFO - RESUMO DA EXECUÇÃO
2025-09-18 09:22:03,890 - INFO - ==================================================
2025-09-18 09:22:03,890 - INFO - 
[CLIENTE]
2025-09-18 09:22:03,890 - INFO -   - segmentacao: ❌ FALHA
2025-09-18 09:22:03,890 - INFO -   - retencao: ✅ SUCESSO
2025-09-18 09:22:03,890 - INFO -   - previsao: ✅ SUCESSO
2025-09-18 09:22:03,890 - INFO - 
[COMPRA]
2025-09-18 09:22:03,890 - INFO -   - analise: ✅ SUCESSO
2025-09-18 09:22:03,890 - INFO - 
[ESTOQUE]
2025-09-18 09:22:03,890 - INFO -   - analise: ✅ SUCESSO
2025-09-18 09:22:03,890 - INFO - 
[VENDAS]
2025-09-18 09:22:03,890 - INFO -   - faturamento: ✅ SUCESSO
2025-09-18 09:22:03,890 - INFO -   - atipicas: ✅ SUCESSO
2025-09-18 09:22:03,890 - INFO - 
==================================================
2025-09-18 09:22:03,890 - INFO - TOTAL: 7 modelagens
2025-09-18 09:22:03,890 - INFO - SUCESSOS: 6
2025-09-18 09:22:03,890 - INFO - FALHAS: 1
2025-09-18 09:22:03,890 - INFO - ==================================================
