2025-09-19 07:46:21,467 - INFO - Iniciando atualização de todas as modelagens na ordem definida para todos os clientes
2025-09-19 07:46:21,467 - INFO - Executando dags.modelagens.analytics.vendas.analise_faturamento...
2025-09-19 07:46:22,093 - INFO - Executando gerar_relatorios_faturamento para o cliente add
2025-09-19 07:47:10,268 - INFO - Executando gerar_relatorios_faturamento para o cliente bibicell
2025-09-19 07:49:23,438 - INFO - Executando gerar_relatorios_faturamento para o cliente beny
2025-09-19 07:50:34,262 - INFO - Execução de dags.modelagens.analytics.vendas.analise_faturamento concluída com sucesso!
2025-09-19 07:50:34,263 - INFO - Executando dags.modelagens.analytics.estoque.analise_estoque...
2025-09-19 07:50:34,266 - INFO - Executando gerar_relatorios_estoque para o cliente add
2025-09-19 07:53:40,952 - INFO - Executando gerar_relatorios_estoque para o cliente bibicell
2025-09-19 07:59:43,185 - INFO - Executando gerar_relatorios_estoque para o cliente beny
2025-09-19 08:12:33,541 - INFO - Execução de dags.modelagens.analytics.estoque.analise_estoque concluída com sucesso!
2025-09-19 08:12:33,542 - WARNING - Não foi possível executar cliente.segmentacao: Segmentação só pode ser executada no primeiro dia do mês. Hoje é dia 19.
2025-09-19 08:12:33,542 - INFO - Executando dags.modelagens.analytics.cliente.recorrencia_retencao...
2025-09-19 08:12:33,546 - INFO - Executando gerar_analise_recorrencia_retencao para o cliente add
2025-09-19 08:13:08,273 - INFO - Executando gerar_analise_recorrencia_retencao para o cliente bibicell
2025-09-19 08:13:53,714 - INFO - Executando gerar_analise_recorrencia_retencao para o cliente beny
2025-09-19 08:14:42,055 - INFO - Execução de dags.modelagens.analytics.cliente.recorrencia_retencao concluída com sucesso!
2025-09-19 08:14:42,056 - INFO - Executando dags.modelagens.analytics.cliente.previsao_retorno...
2025-09-19 08:14:42,067 - INFO - Executando gerar_analise_previsao_retorno para o cliente add
2025-09-19 08:16:16,366 - INFO - Executando gerar_analise_previsao_retorno para o cliente bibicell
2025-09-19 08:16:46,827 - INFO - Executando gerar_analise_previsao_retorno para o cliente beny
2025-09-19 08:23:30,266 - INFO - Execução de dags.modelagens.analytics.cliente.previsao_retorno concluída com sucesso!
2025-09-19 08:23:30,268 - INFO - Executando dags.modelagens.analytics.compra.analise_compra...
2025-09-19 08:23:30,270 - INFO - Executando gerar_relatorios_compra para o cliente add
2025-09-19 08:26:26,561 - INFO - Executando gerar_relatorios_compra para o cliente bibicell
2025-09-19 08:29:29,514 - INFO - Executando gerar_relatorios_compra para o cliente beny
2025-09-19 08:35:54,513 - INFO - Execução de dags.modelagens.analytics.compra.analise_compra concluída com sucesso!
2025-09-19 08:35:54,514 - INFO - Executando dags.modelagens.analytics.vendas.analise_vendas_atipicas...
2025-09-19 08:35:55,997 - INFO - Executando gerar_analise_vendas_atipicas para o cliente add
2025-09-19 08:36:14,511 - INFO - Executando gerar_analise_vendas_atipicas para o cliente bibicell
2025-09-19 08:36:27,694 - INFO - Executando gerar_analise_vendas_atipicas para o cliente beny
2025-09-19 08:37:12,292 - INFO - Execução de dags.modelagens.analytics.vendas.analise_vendas_atipicas concluída com sucesso!
2025-09-19 08:37:12,293 - INFO - 
==================================================
2025-09-19 08:37:12,293 - INFO - RESUMO DA EXECUÇÃO
2025-09-19 08:37:12,293 - INFO - ==================================================
2025-09-19 08:37:12,293 - INFO - 
[CLIENTE]
2025-09-19 08:37:12,293 - INFO -   - segmentacao: ❌ FALHA
2025-09-19 08:37:12,293 - INFO -   - retencao: ✅ SUCESSO
2025-09-19 08:37:12,293 - INFO -   - previsao: ✅ SUCESSO
2025-09-19 08:37:12,293 - INFO - 
[COMPRA]
2025-09-19 08:37:12,293 - INFO -   - analise: ✅ SUCESSO
2025-09-19 08:37:12,293 - INFO - 
[ESTOQUE]
2025-09-19 08:37:12,293 - INFO -   - analise: ✅ SUCESSO
2025-09-19 08:37:12,293 - INFO - 
[VENDAS]
2025-09-19 08:37:12,293 - INFO -   - faturamento: ✅ SUCESSO
2025-09-19 08:37:12,293 - INFO -   - atipicas: ✅ SUCESSO
2025-09-19 08:37:12,293 - INFO - 
==================================================
2025-09-19 08:37:12,294 - INFO - TOTAL: 7 modelagens
2025-09-19 08:37:12,294 - INFO - SUCESSOS: 6
2025-09-19 08:37:12,294 - INFO - FALHAS: 1
2025-09-19 08:37:12,294 - INFO - ==================================================
